<?xml version="1.0" encoding="UTF-8"?>
<!-- Generated by org.testng.reporters.JUnitReportReporter -->
<testsuite hostname="LAPTOP-IA63TUKK" failures="0" tests="1" name="testcases.LoginToDemoQA" time="3.701" errors="0" timestamp="2023-08-22T14:45:25 IST" skipped="0">
  <testcase classname="testcases.LoginToDemoQA" name="demoqatest" time="3.701"/>
  <system-out>
    <![CDATA[Sorrychromenot supported]]>
  </system-out>
</testsuite> <!-- testcases.LoginToDemoQA -->
