<?xml version="1.0" encoding="UTF-8"?>
<!-- Generated by org.testng.reporters.JUnitReportReporter -->
<testsuite hostname="LAPTOP-IA63TUKK" failures="0" tests="1" name="testcases.LoginTest" time="1.711" errors="0" timestamp="2023-08-08T10:07:40 IST" skipped="0">
  <testcase classname="testcases.LoginTest" name="loginToApplication" time="1.711"/>
</testsuite> <!-- testcases.LoginTest -->
