<?xml version="1.0" encoding="UTF-8"?>
<!-- Generated by org.testng.reporters.JUnitReportReporter -->
<testsuite hostname="LAPTOP-IA63TUKK" failures="0" tests="1" name="testcases.LoginTest" time="1.972" errors="0" timestamp="2023-08-12T09:56:02 IST" skipped="0">
  <testcase classname="testcases.LoginTest" name="loginToApplication" time="1.972"/>
</testsuite> <!-- testcases.LoginTest -->
